============================================================
Time  2015/12/08 20:05:20 045 
============================================================
[2015/12/08 20:05:20 045] sessinfo_l 420  SYS_MSG_LOAD  
[2015/12/08 20:05:20 045] sessinfo_l 437  LOCALSESSION_MSG_CMD  
[2015/12/08 20:05:20 045] sessinfo_l 446  net_type, flower_mode  nil  nil  
[2015/12/08 20:05:20 045] sessinfo_l 328  send_sessifo start  
[2015/12/08 20:05:20 045] sessinfo_l 335  plog_fsize  0  
[2015/12/08 20:05:20 045] sessinfo_l 108  get_send_data  
[2015/12/08 20:05:20 047] sessinfo_l 378  original_data_len  610  
[2015/12/08 20:05:20 047] sessinfo_l 399  new encoder success  
[2015/12/08 20:05:20 048] sessinfo_l 384  compress success, compressed data_len:  485  
[2015/12/08 20:05:20 048] sessinfo_l 387  data encrypt success  
[2015/12/08 20:05:20 048] sessinfo_l 175  send_httpreq_data  
[2015/12/08 20:05:20 048] sessinfo_l 192  standard  
[2015/12/08 20:05:20 048] sessinfo_l 245  POST /scs?cmd=statsdklog&logver=1.1.1&size=610&gzip=0 HTTP/1.1
Host: scs.openspeech.cn
Connection: Keep-Alive
Content-Type: application/x-gzip;charset=utf-8
Content-Length: 485
User-Agent: iFLYCloud
Cache-Control: no-cache
Accept: */*

}ôHTHj÷E‡¢]~¿OsË©Êt•%ıÑFÅÂÅØ–”€£kh™‡X≤åG!_ƒ†ØQtFT¿Ç_QÅÖ%tåOzKŸ°¢˚  
[2015/12/08 20:05:20 048] network    153  gethttpresp  http://scs.openspeech.cn:80/scs?cmd=statsdklog&logver=1.1.1&size=610&gzip=0  
[2015/12/08 20:05:20 048] sessinfo_l 429  SYS_MSG_SHUTDOWN  
[2015/12/08 20:05:20 048] sessinfo_l 150  save no upload data  
============================================================
Time  2015/12/08 20:10:49 746 
============================================================
[2015/12/08 20:10:49 746] sessinfo_l 420  SYS_MSG_LOAD  
[2015/12/08 20:10:49 746] sessinfo_l 429  SYS_MSG_SHUTDOWN  
[2015/12/08 20:10:49 746] sessinfo_l 150  save no upload data  
============================================================
Time  2015/12/08 20:18:09 687 
============================================================
[2015/12/08 20:18:09 687] sessinfo_l 420  SYS_MSG_LOAD  
[2015/12/08 20:18:09 687] sessinfo_l 429  SYS_MSG_SHUTDOWN  
[2015/12/08 20:18:09 687] sessinfo_l 150  save no upload data  
============================================================
Time  2015/12/08 20:21:24 733 
============================================================
[2015/12/08 20:21:24 733] sessinfo_l 420  SYS_MSG_LOAD  
[2015/12/08 20:21:24 733] sessinfo_l 429  SYS_MSG_SHUTDOWN  
[2015/12/08 20:21:24 733] sessinfo_l 150  save no upload data  
============================================================
Time  2015/12/08 20:22:16 570 
============================================================
[2015/12/08 20:22:16 570] sessinfo_l 420  SYS_MSG_LOAD  
[2015/12/08 20:22:16 570] sessinfo_l 429  SYS_MSG_SHUTDOWN  
[2015/12/08 20:22:16 570] sessinfo_l 150  save no upload data  
============================================================
Time  2015/12/08 20:23:56 051 
============================================================
[2015/12/08 20:23:56 051] sessinfo_l 420  SYS_MSG_LOAD  
[2015/12/08 20:23:56 051] sessinfo_l 437  LOCALSESSION_MSG_CMD  
[2015/12/08 20:23:56 051] sessinfo_l 446  net_type, flower_mode  nil  nil  
[2015/12/08 20:23:56 051] sessinfo_l 328  send_sessifo start  
[2015/12/08 20:23:56 051] sessinfo_l 335  plog_fsize  536  
[2015/12/08 20:23:56 051] sessinfo_l 108  get_send_data  
[2015/12/08 20:23:56 053] sessinfo_l 378  original_data_len  1078  
[2015/12/08 20:23:56 054] sessinfo_l 399  new encoder success  
[2015/12/08 20:23:56 054] sessinfo_l 429  SYS_MSG_SHUTDOWN  
[2015/12/08 20:23:56 054] sessinfo_l 150  save no upload data  
============================================================
Time  2015/12/08 20:24:18 514 
============================================================
[2015/12/08 20:24:18 514] sessinfo_l 420  SYS_MSG_LOAD  
[2015/12/08 20:24:18 514] sessinfo_l 437  LOCALSESSION_MSG_CMD  
[2015/12/08 20:24:18 514] sessinfo_l 446  net_type, flower_mode  nil  nil  
[2015/12/08 20:24:18 514] sessinfo_l 328  send_sessifo start  
[2015/12/08 20:24:18 514] sessinfo_l 335  plog_fsize  1010  
[2015/12/08 20:24:18 514] sessinfo_l 108  get_send_data  
[2015/12/08 20:24:18 516] sessinfo_l 378  original_data_len  1547  
[2015/12/08 20:24:18 517] sessinfo_l 399  new encoder success  
[2015/12/08 20:24:18 517] sessinfo_l 429  SYS_MSG_SHUTDOWN  
[2015/12/08 20:24:18 518] sessinfo_l 150  save no upload data  
============================================================
Time  2015/12/08 20:24:33 899 
============================================================
[2015/12/08 20:24:33 899] sessinfo_l 420  SYS_MSG_LOAD  
[2015/12/08 20:24:33 899] sessinfo_l 429  SYS_MSG_SHUTDOWN  
[2015/12/08 20:24:33 899] sessinfo_l 150  save no upload data  
============================================================
Time  2015/12/08 20:25:18 105 
============================================================
[2015/12/08 20:25:18 105] sessinfo_l 420  SYS_MSG_LOAD  
[2015/12/08 20:25:18 105] sessinfo_l 429  SYS_MSG_SHUTDOWN  
[2015/12/08 20:25:18 105] sessinfo_l 150  save no upload data  
============================================================
Time  2015/12/08 20:27:26 521 
============================================================
[2015/12/08 20:27:26 521] sessinfo_l 420  SYS_MSG_LOAD  
[2015/12/08 20:27:26 521] sessinfo_l 429  SYS_MSG_SHUTDOWN  
[2015/12/08 20:27:26 521] sessinfo_l 150  save no upload data  
============================================================
Time  2015/12/08 20:28:53 482 
============================================================
[2015/12/08 20:28:53 482] sessinfo_l 420  SYS_MSG_LOAD  
[2015/12/08 20:28:53 482] sessinfo_l 429  SYS_MSG_SHUTDOWN  
[2015/12/08 20:28:53 482] sessinfo_l 150  save no upload data  
============================================================
Time  2015/12/08 20:29:52 431 
============================================================
[2015/12/08 20:29:52 431] sessinfo_l 420  SYS_MSG_LOAD  
[2015/12/08 20:29:52 431] sessinfo_l 429  SYS_MSG_SHUTDOWN  
[2015/12/08 20:29:52 431] sessinfo_l 150  save no upload data  
============================================================
Time  2015/12/08 20:30:55 073 
============================================================
[2015/12/08 20:30:55 073] sessinfo_l 420  SYS_MSG_LOAD  
[2015/12/08 20:30:55 073] sessinfo_l 429  SYS_MSG_SHUTDOWN  
[2015/12/08 20:30:55 073] sessinfo_l 150  save no upload data  
============================================================
Time  2015/12/08 20:32:36 340 
============================================================
[2015/12/08 20:32:36 340] sessinfo_l 420  SYS_MSG_LOAD  
[2015/12/08 20:32:36 340] sessinfo_l 429  SYS_MSG_SHUTDOWN  
[2015/12/08 20:32:36 340] sessinfo_l 150  save no upload data  
============================================================
Time  2015/12/08 20:33:25 503 
============================================================
[2015/12/08 20:33:25 503] sessinfo_l 420  SYS_MSG_LOAD  
[2015/12/08 20:33:25 503] sessinfo_l 437  LOCALSESSION_MSG_CMD  
[2015/12/08 20:33:25 503] sessinfo_l 446  net_type, flower_mode  nil  nil  
[2015/12/08 20:33:25 503] sessinfo_l 328  send_sessifo start  
[2015/12/08 20:33:25 503] sessinfo_l 335  plog_fsize  1485  
[2015/12/08 20:33:25 503] sessinfo_l 108  get_send_data  
[2015/12/08 20:33:25 505] sessinfo_l 378  original_data_len  2031  
[2015/12/08 20:33:25 505] sessinfo_l 399  new encoder success  
[2015/12/08 20:33:25 506] sessinfo_l 429  SYS_MSG_SHUTDOWN  
[2015/12/08 20:33:25 506] sessinfo_l 150  save no upload data  
============================================================
Time  2015/12/08 20:33:40 073 
============================================================
[2015/12/08 20:33:40 073] sessinfo_l 420  SYS_MSG_LOAD  
[2015/12/08 20:33:40 074] sessinfo_l 437  LOCALSESSION_MSG_CMD  
[2015/12/08 20:33:40 074] sessinfo_l 446  net_type, flower_mode  nil  nil  
[2015/12/08 20:33:40 074] sessinfo_l 328  send_sessifo start  
[2015/12/08 20:33:40 074] sessinfo_l 335  plog_fsize  1975  
[2015/12/08 20:33:40 074] sessinfo_l 108  get_send_data  
[2015/12/08 20:33:40 076] sessinfo_l 378  original_data_len  2516  
[2015/12/08 20:33:40 076] sessinfo_l 399  new encoder success  
[2015/12/08 20:33:40 076] sessinfo_l 429  SYS_MSG_SHUTDOWN  
[2015/12/08 20:33:40 076] sessinfo_l 150  save no upload data  
============================================================
Time  2015/12/08 20:33:48 400 
============================================================
[2015/12/08 20:33:48 400] sessinfo_l 420  SYS_MSG_LOAD  
[2015/12/08 20:33:48 400] sessinfo_l 429  SYS_MSG_SHUTDOWN  
[2015/12/08 20:33:48 400] sessinfo_l 150  save no upload data  
============================================================
Time  2015/12/08 20:34:03 082 
============================================================
[2015/12/08 20:34:03 082] sessinfo_l 420  SYS_MSG_LOAD  
[2015/12/08 20:34:03 082] sessinfo_l 429  SYS_MSG_SHUTDOWN  
[2015/12/08 20:34:03 082] sessinfo_l 150  save no upload data  
============================================================
Time  2015/12/08 20:34:08 987 
============================================================
[2015/12/08 20:34:08 987] sessinfo_l 420  SYS_MSG_LOAD  
[2015/12/08 20:34:08 987] sessinfo_l 429  SYS_MSG_SHUTDOWN  
[2015/12/08 20:34:08 987] sessinfo_l 150  save no upload data  
============================================================
Time  2015/12/08 20:35:51 519 
============================================================
[2015/12/08 20:35:51 519] sessinfo_l 420  SYS_MSG_LOAD  
[2015/12/08 20:35:51 519] sessinfo_l 429  SYS_MSG_SHUTDOWN  
[2015/12/08 20:35:51 519] sessinfo_l 150  save no upload data  
============================================================
Time  2015/12/08 20:36:48 627 
============================================================
[2015/12/08 20:36:48 627] sessinfo_l 420  SYS_MSG_LOAD  
[2015/12/08 20:36:48 627] sessinfo_l 437  LOCALSESSION_MSG_CMD  
[2015/12/08 20:36:48 627] sessinfo_l 446  net_type, flower_mode  nil  nil  
[2015/12/08 20:36:48 627] sessinfo_l 328  send_sessifo start  
[2015/12/08 20:36:48 627] sessinfo_l 335  plog_fsize  2466  
[2015/12/08 20:36:48 627] sessinfo_l 108  get_send_data  
[2015/12/08 20:36:48 631] sessinfo_l 378  original_data_len  3001  
[2015/12/08 20:36:48 632] sessinfo_l 399  new encoder success  
[2015/12/08 20:36:48 632] sessinfo_l 429  SYS_MSG_SHUTDOWN  
[2015/12/08 20:36:48 632] sessinfo_l 150  save no upload data  
============================================================
Time  2015/12/08 20:36:59 971 
============================================================
[2015/12/08 20:36:59 971] sessinfo_l 420  SYS_MSG_LOAD  
[2015/12/08 20:36:59 971] sessinfo_l 429  SYS_MSG_SHUTDOWN  
[2015/12/08 20:36:59 971] sessinfo_l 150  save no upload data  
============================================================
Time  2015/12/08 20:37:02 487 
============================================================
[2015/12/08 20:37:02 487] sessinfo_l 420  SYS_MSG_LOAD  
[2015/12/08 20:37:02 487] sessinfo_l 429  SYS_MSG_SHUTDOWN  
[2015/12/08 20:37:02 487] sessinfo_l 150  save no upload data  
============================================================
Time  2015/12/08 20:39:25 007 
============================================================
[2015/12/08 20:39:25 007] sessinfo_l 420  SYS_MSG_LOAD  
[2015/12/08 20:39:25 007] sessinfo_l 429  SYS_MSG_SHUTDOWN  
[2015/12/08 20:39:25 007] sessinfo_l 150  save no upload data  
============================================================
Time  2015/12/08 20:47:01 285 
============================================================
[2015/12/08 20:47:01 285] sessinfo_l 420  SYS_MSG_LOAD  
[2015/12/08 20:47:01 285] sessinfo_l 429  SYS_MSG_SHUTDOWN  
[2015/12/08 20:47:01 285] sessinfo_l 150  save no upload data  
============================================================
Time  2015/12/08 20:50:07 585 
============================================================
[2015/12/08 20:50:07 585] sessinfo_l 420  SYS_MSG_LOAD  
[2015/12/08 20:50:07 585] sessinfo_l 429  SYS_MSG_SHUTDOWN  
[2015/12/08 20:50:07 585] sessinfo_l 150  save no upload data  
============================================================
Time  2015/12/08 20:50:46 896 
============================================================
[2015/12/08 20:50:46 896] sessinfo_l 420  SYS_MSG_LOAD  
[2015/12/08 20:50:46 896] sessinfo_l 429  SYS_MSG_SHUTDOWN  
[2015/12/08 20:50:46 896] sessinfo_l 150  save no upload data  
============================================================
Time  2015/12/08 20:54:39 367 
============================================================
[2015/12/08 20:54:39 367] sessinfo_l 420  SYS_MSG_LOAD  
[2015/12/08 20:54:39 367] sessinfo_l 429  SYS_MSG_SHUTDOWN  
[2015/12/08 20:54:39 367] sessinfo_l 150  save no upload data  
